function toString() { [native code] }GET/aboutfunction toString() { [native code] }GET/about
function toString() { [native code] }GET/
Wed Nov 22 2017 15:18:26 GMT+0530 (IST)GET/
Wed Nov 22 2017 15:20:06 GMT+0530 (IST)GET/
Wed Nov 22 2017 15:20:08 GMT+0530 (IST)GET/
Wed Nov 22 2017 15:20:54 GMT+0530 (IST)GET/
Wed Nov 22 2017 15:21:15 GMT+0530 (IST)GET/
Wed Nov 22 2017 15:21:19 GMT+0530 (IST)GET/
Wed Nov 22 2017 15:21:20 GMT+0530 (IST)GET/about
Wed Nov 22 2017 15:21:21 GMT+0530 (IST)GET/
Wed Nov 22 2017 15:21:22 GMT+0530 (IST)GET/about
Wed Nov 22 2017 15:21:22 GMT+0530 (IST)GET/
Wed Nov 22 2017 15:21:23 GMT+0530 (IST)GET/about
Wed Nov 22 2017 15:21:23 GMT+0530 (IST)GET/
Wed Nov 22 2017 15:21:33 GMT+0530 (IST)GET/
Wed Nov 22 2017 15:21:50 GMT+0530 (IST)GET/
Wed Nov 22 2017 15:24:44 GMT+0530 (IST)GET/
Wed Nov 22 2017 15:24:54 GMT+0530 (IST)GET/
Wed Nov 22 2017 15:24:55 GMT+0530 (IST)GET/about
Wed Nov 22 2017 15:24:57 GMT+0530 (IST)GET/
Wed Nov 22 2017 15:25:17 GMT+0530 (IST)GET/
Wed Nov 22 2017 15:25:20 GMT+0530 (IST)GET/
Wed Nov 22 2017 15:25:42 GMT+0530 (IST)GET/
Wed Nov 22 2017 15:27:08 GMT+0530 (IST)GET/
Wed Nov 22 2017 15:27:10 GMT+0530 (IST)GET/
Wed Nov 22 2017 15:27:16 GMT+0530 (IST)GET/
Wed Nov 22 2017 15:27:20 GMT+0530 (IST)GET/
Wed Nov 22 2017 15:27:21 GMT+0530 (IST)GET/about
Wed Nov 22 2017 15:27:22 GMT+0530 (IST)GET/
Wed Nov 22 2017 17:57:28 GMT+0530 (IST)GET/
Wed Nov 22 2017 17:57:28 GMT+0530 (IST)GET/favicon.ico
Wed Nov 22 2017 17:57:30 GMT+0530 (IST)GET/projects
Wed Nov 22 2017 17:57:32 GMT+0530 (IST)GET/
Wed Nov 22 2017 17:57:32 GMT+0530 (IST)GET/about
